0 info it worked if it ends with ok
1 verbose cli [ 'node', '/usr/local/bin/npm', 'install', '-g', 'bower' ]
2 info using npm@2.12.1
3 info using node@v0.12.7
4 verbose install initial load of /usr/local/lib/package.json
5 verbose readDependencies loading dependencies from /usr/local/lib/package.json
6 silly cache add args [ 'bower', null ]
7 verbose cache add spec bower
8 silly cache add parsed spec { raw: 'bower',
8 silly cache add   scope: null,
8 silly cache add   name: 'bower',
8 silly cache add   rawSpec: '',
8 silly cache add   spec: '*',
8 silly cache add   type: 'range' }
9 silly addNamed bower@*
10 verbose addNamed "*" is a valid semver range for bower
11 silly addNameRange { name: 'bower', range: '*', hasData: false }
12 silly mapToRegistry name bower
13 silly mapToRegistry using default registry
14 silly mapToRegistry registry https://registry.npmjs.org/
15 silly mapToRegistry uri https://registry.npmjs.org/bower
16 verbose addNameRange registry:https://registry.npmjs.org/bower not in flight; fetching
17 verbose request uri https://registry.npmjs.org/bower
18 verbose request no auth needed
19 info attempt registry request try #1 at 6:00:53 PM
20 verbose request id 48fc84cccfd16255
21 verbose etag "LUUNZ9SV4TF5MCEILJ5Y2TCI"
22 http request GET https://registry.npmjs.org/bower
23 http 304 https://registry.npmjs.org/bower
24 silly get cb [ 304,
24 silly get   { date: 'Thu, 29 Oct 2015 23:00:56 GMT',
24 silly get     via: '1.1 varnish',
24 silly get     'cache-control': 'max-age=60',
24 silly get     etag: '"LUUNZ9SV4TF5MCEILJ5Y2TCI"',
24 silly get     age: '12',
24 silly get     connection: 'keep-alive',
24 silly get     'x-served-by': 'cache-iad2129-IAD',
24 silly get     'x-cache': 'HIT',
24 silly get     'x-cache-hits': '1',
24 silly get     'x-timer': 'S1446159656.899116,VS0,VE1',
24 silly get     vary: 'Accept' } ]
25 verbose etag https://registry.npmjs.org/bower from cache
26 verbose get saving bower to /Users/robertoarmas/.npm/registry.npmjs.org/bower/.cache.json
27 silly addNameRange number 2 { name: 'bower', range: '*', hasData: true }
28 silly addNameRange versions [ 'bower',
28 silly addNameRange   [ '0.1.0',
28 silly addNameRange     '0.1.2',
28 silly addNameRange     '0.1.3',
28 silly addNameRange     '0.2.0',
28 silly addNameRange     '0.3.0',
28 silly addNameRange     '0.3.1',
28 silly addNameRange     '0.3.2',
28 silly addNameRange     '0.4.0',
28 silly addNameRange     '0.5.0',
28 silly addNameRange     '0.5.1',
28 silly addNameRange     '0.6.0',
28 silly addNameRange     '0.6.1',
28 silly addNameRange     '0.6.2',
28 silly addNameRange     '0.6.3',
28 silly addNameRange     '0.6.4',
28 silly addNameRange     '0.6.5',
28 silly addNameRange     '0.6.6',
28 silly addNameRange     '0.6.7',
28 silly addNameRange     '0.6.8',
28 silly addNameRange     '0.7.0',
28 silly addNameRange     '0.7.1',
28 silly addNameRange     '0.8.0',
28 silly addNameRange     '0.8.1',
28 silly addNameRange     '0.8.2',
28 silly addNameRange     '0.8.3',
28 silly addNameRange     '0.8.4',
28 silly addNameRange     '0.8.5',
28 silly addNameRange     '0.8.6',
28 silly addNameRange     '0.9.0',
28 silly addNameRange     '0.9.1',
28 silly addNameRange     '0.9.2',
28 silly addNameRange     '0.10.0',
28 silly addNameRange     '1.0.0',
28 silly addNameRange     '1.0.1',
28 silly addNameRange     '1.0.2',
28 silly addNameRange     '1.0.3',
28 silly addNameRange     '1.1.0',
28 silly addNameRange     '1.1.1',
28 silly addNameRange     '1.1.2',
28 silly addNameRange     '1.2.0',
28 silly addNameRange     '1.2.1',
28 silly addNameRange     '1.2.2',
28 silly addNameRange     '1.2.3',
28 silly addNameRange     '1.2.4',
28 silly addNameRange     '1.2.5',
28 silly addNameRange     '1.2.6',
28 silly addNameRange     '1.2.7',
28 silly addNameRange     '1.2.8',
28 silly addNameRange     '1.3.0',
28 silly addNameRange     '1.3.1',
28 silly addNameRange     '1.3.2',
28 silly addNameRange     '1.3.3',
28 silly addNameRange     '1.3.4',
28 silly addNameRange     '1.3.5',
28 silly addNameRange     '1.3.6',
28 silly addNameRange     '1.3.7',
28 silly addNameRange     '1.3.8',
28 silly addNameRange     '1.3.9',
28 silly addNameRange     '1.3.10',
28 silly addNameRange     '1.3.11',
28 silly addNameRange     '1.3.12',
28 silly addNameRange     '1.4.0',
28 silly addNameRange     '1.4.1',
28 silly addNameRange     '1.5.0',
28 silly addNameRange     '1.5.1',
28 silly addNameRange     '1.5.2',
28 silly addNameRange     '1.5.3',
28 silly addNameRange     '1.6.2',
28 silly addNameRange     '1.6.3',
28 silly addNameRange     '1.6.4',
28 silly addNameRange     '1.6.5' ] ]
29 silly addNamed bower@1.6.5
30 verbose addNamed "1.6.5" is a plain semver version for bower
31 silly mapToRegistry name bower
32 silly mapToRegistry using default registry
33 silly mapToRegistry registry https://registry.npmjs.org/
34 silly mapToRegistry uri https://registry.npmjs.org/bower
35 verbose addRemoteTarball https://registry.npmjs.org/bower/-/bower-1.6.5.tgz not in flight; adding
36 verbose addRemoteTarball [ 'https://registry.npmjs.org/bower/-/bower-1.6.5.tgz',
36 verbose addRemoteTarball   '59d457122a161e42cc1625bbab8179c214b7ac11' ]
37 info retry fetch attempt 1 at 6:00:57 PM
38 info attempt registry request try #1 at 6:00:57 PM
39 http fetch GET https://registry.npmjs.org/bower/-/bower-1.6.5.tgz
40 http fetch 200 https://registry.npmjs.org/bower/-/bower-1.6.5.tgz
41 silly fetchAndShaCheck shasum 59d457122a161e42cc1625bbab8179c214b7ac11
42 verbose stack Error: shasum check failed for /tmp/npm-10381-14b789c4/registry.npmjs.org/bower/-/bower-1.6.5.tgz
42 verbose stack Expected: 59d457122a161e42cc1625bbab8179c214b7ac11
42 verbose stack Actual:   4c1ed57f35f3ad09a27e68075a09de6f1be4331b
42 verbose stack From:     https://registry.npmjs.org/bower/-/bower-1.6.5.tgz
42 verbose stack     at /usr/local/lib/node_modules/npm/node_modules/sha/index.js:38:8
42 verbose stack     at ReadStream.<anonymous> (/usr/local/lib/node_modules/npm/node_modules/sha/index.js:85:7)
42 verbose stack     at ReadStream.emit (events.js:129:20)
42 verbose stack     at _stream_readable.js:908:16
42 verbose stack     at process._tickCallback (node.js:355:11)
43 verbose cwd /Users/robertoarmas/Documents/Udla/Silabos/UdlaTechDay-Reto
44 error Darwin 15.0.0
45 error argv "node" "/usr/local/bin/npm" "install" "-g" "bower"
46 error node v0.12.7
47 error npm  v2.12.1
48 error shasum check failed for /tmp/npm-10381-14b789c4/registry.npmjs.org/bower/-/bower-1.6.5.tgz
48 error Expected: 59d457122a161e42cc1625bbab8179c214b7ac11
48 error Actual:   4c1ed57f35f3ad09a27e68075a09de6f1be4331b
48 error From:     https://registry.npmjs.org/bower/-/bower-1.6.5.tgz
49 error If you need help, you may report this error at:
49 error     <https://github.com/npm/npm/issues>
50 verbose exit [ 1, true ]
